<?xml version="1.0" encoding="UTF-8"?>
<!-- Generated by org.testng.reporters.JUnitXMLReporter -->
<testsuite ignored="2" hostname="DESKTOP-FI8UJG3" failures="0" tests="3" name="Chrome Browser  testing" time="261.983" errors="0" timestamp="2022-10-05T00:42:11 IST">
  <testcase classname="com.lambda.test.LambdaTest_1" name="EnterAndValidateMessage" time="10.246"/>
  <testcase classname="com.lambda.test.LambdaTest_2" name="HandlingSliderBar" time="40.415"/>
  <testcase classname="com.lambda.test.LambdaTest_3" name="FormFilling" time="20.152"/>
  <testcase classname="com.lambdat.test.base.BaseTest" name="@BeforeTest setUrl" time="0.0">
    <ignored/>
  </testcase> <!-- @BeforeTest setUrl -->
  <testcase classname="com.lambdat.test.base.BaseTest" name="@BeforeTest setUrl" time="0.0">
    <ignored/>
  </testcase> <!-- @BeforeTest setUrl -->
</testsuite> <!-- Chrome Browser  testing -->
