<?xml version="1.0" encoding="UTF-8"?>
<!-- Generated by org.testng.reporters.JUnitXMLReporter -->
<testsuite ignored="2" hostname="DESKTOP-FI8UJG3" failures="0" tests="3" name="Edge Browser Testing" time="152.298" errors="0" timestamp="2022-10-04T21:20:13 IST">
  <testcase classname="com.lambda.test.LambdaTest_1" name="EnterAndValidateMessage" time="10.4"/>
  <testcase classname="com.lambda.test.LambdaTest_2" name="HandlingSliderBar" time="45.135"/>
  <testcase classname="com.lambda.test.LambdaTest_3" name="FormFilling" time="20.41"/>
  <testcase classname="com.lambdat.test.base.BaseTest" name="@BeforeTest setUrl" time="0.0">
    <ignored/>
  </testcase> <!-- @BeforeTest setUrl -->
  <testcase classname="com.lambdat.test.base.BaseTest" name="@BeforeTest setUrl" time="0.0">
    <ignored/>
  </testcase> <!-- @BeforeTest setUrl -->
</testsuite> <!-- Edge Browser Testing -->
