<?xml version="1.0" encoding="UTF-8"?>
<!-- Generated by org.testng.reporters.JUnitXMLReporter -->
<testsuite ignored="2" hostname="DESKTOP-FI8UJG3" failures="0" tests="3" name="Internet Explorer Browser Testing" time="320.411" errors="0" timestamp="2022-10-04T19:16:14 IST">
  <testcase classname="com.lambda.test.LambdaTest_1" name="EnterAndValidateMessage" time="11.734"/>
  <testcase classname="com.lambda.test.LambdaTest_2" name="HandlingSliderBar" time="56.391"/>
  <testcase classname="com.lambda.test.LambdaTest_3" name="FormFilling" time="24.505"/>
  <testcase classname="com.lambdat.test.base.BaseTest" name="@BeforeTest setUrl" time="0.0">
    <ignored/>
  </testcase> <!-- @BeforeTest setUrl -->
  <testcase classname="com.lambdat.test.base.BaseTest" name="@BeforeTest setUrl" time="0.0">
    <ignored/>
  </testcase> <!-- @BeforeTest setUrl -->
</testsuite> <!-- Internet Explorer Browser Testing -->
