<?xml version="1.0" encoding="UTF-8"?>
<testng-results ignored="16" total="40" passed="24" failed="0" skipped="0">
  <reporter-output>
    <line>
      <![CDATA[Step 1:Open LambdaTest’s Selenium Playground from]]>
    </line>
    <line>
      <![CDATA[Step 1:Open LambdaTest’s Selenium Playground from]]>
    </line>
    <line>
      <![CDATA[Step 1:Open LambdaTest’s Selenium Playground from]]>
    </line>
    <line>
      <![CDATA[Step 1:Open LambdaTest’s Selenium Playground from]]>
    </line>
    <line>
      <![CDATA[Step 1:Open LambdaTest’s Selenium Playground from]]>
    </line>
    <line>
      <![CDATA[<===== Start of Test Method =====>]]>
    </line>
    <line>
      <![CDATA[Setting desired Capabilities]]>
    </line>
    <line>
      <![CDATA[<===== Start of Test Method =====>]]>
    </line>
    <line>
      <![CDATA[Setting desired Capabilities]]>
    </line>
    <line>
      <![CDATA[<===== Start of Test Method =====>]]>
    </line>
    <line>
      <![CDATA[Setting desired Capabilities]]>
    </line>
    <line>
      <![CDATA[<===== Start of Test Method =====>]]>
    </line>
    <line>
      <![CDATA[Setting desired Capabilities]]>
    </line>
    <line>
      <![CDATA[<===== Start of Test Method =====>]]>
    </line>
    <line>
      <![CDATA[Setting desired Capabilities]]>
    </line>
    <line>
      <![CDATA[Connecting to hub/ Grid]]>
    </line>
    <line>
      <![CDATA[Connecting to hub/ Grid]]>
    </line>
    <line>
      <![CDATA[Connecting to hub/ Grid]]>
    </line>
    <line>
      <![CDATA[Connecting to hub/ Grid]]>
    </line>
    <line>
      <![CDATA[Connecting to hub/ Grid]]>
    </line>
    <line>
      <![CDATA[Open LambdaTest’s Selenium Playground from]]>
    </line>
    <line>
      <![CDATA[Open LambdaTest’s Selenium Playground from]]>
    </line>
    <line>
      <![CDATA[<-----Lambda Test First Scenario Enter message and Validate it Started----->]]>
    </line>
    <line>
      <![CDATA[Click Simple Form Demo under Input Forms]]>
    </line>
    <line>
      <![CDATA[<-----Lambda Test First Scenario Enter message and Validate it Started----->]]>
    </line>
    <line>
      <![CDATA[Click Simple Form Demo under Input Forms]]>
    </line>
    <line>
      <![CDATA[Validate that the URL contains simple-form-demo]]>
    </line>
    <line>
      <![CDATA[Validate that the URL contains simple-form-demo]]>
    </line>
    <line>
      <![CDATA[Create a variable for a string value]]>
    </line>
    <line>
      <![CDATA[Use this variable to enter values in the Enter Message text box.]]>
    </line>
    <line>
      <![CDATA[Create a variable for a string value]]>
    </line>
    <line>
      <![CDATA[Use this variable to enter values in the Enter Message text box.]]>
    </line>
    <line>
      <![CDATA[Click Get Checked Value]]>
    </line>
    <line>
      <![CDATA[Validate whether the same text message is displayed in the right-hand panel under the Your Message section]]>
    </line>
    <line>
      <![CDATA[Click Get Checked Value]]>
    </line>
    <line>
      <![CDATA[<------Lambda Test First Scenario Ended----->]]>
    </line>
    <line>
      <![CDATA[<+======Ending the Test Method =====>]]>
    </line>
    <line>
      <![CDATA[Closing the browser session]]>
    </line>
    <line>
      <![CDATA[Validate whether the same text message is displayed in the right-hand panel under the Your Message section]]>
    </line>
    <line>
      <![CDATA[<------Lambda Test First Scenario Ended----->]]>
    </line>
    <line>
      <![CDATA[<+======Ending the Test Method =====>]]>
    </line>
    <line>
      <![CDATA[Closing the browser session]]>
    </line>
    <line>
      <![CDATA[<===== Start of Test Method =====>]]>
    </line>
    <line>
      <![CDATA[Setting desired Capabilities]]>
    </line>
    <line>
      <![CDATA[Connecting to hub/ Grid]]>
    </line>
    <line>
      <![CDATA[<===== Start of Test Method =====>]]>
    </line>
    <line>
      <![CDATA[Setting desired Capabilities]]>
    </line>
    <line>
      <![CDATA[Connecting to hub/ Grid]]>
    </line>
    <line>
      <![CDATA[Open LambdaTest’s Selenium Playground from]]>
    </line>
    <line>
      <![CDATA[<-----Lambda Test First Scenario Enter message and Validate it Started----->]]>
    </line>
    <line>
      <![CDATA[Click Simple Form Demo under Input Forms]]>
    </line>
    <line>
      <![CDATA[Validate that the URL contains simple-form-demo]]>
    </line>
    <line>
      <![CDATA[Create a variable for a string value]]>
    </line>
    <line>
      <![CDATA[Use this variable to enter values in the Enter Message text box.]]>
    </line>
    <line>
      <![CDATA[Click Get Checked Value]]>
    </line>
    <line>
      <![CDATA[Validate whether the same text message is displayed in the right-hand panel under the Your Message section]]>
    </line>
    <line>
      <![CDATA[<------Lambda Test First Scenario Ended----->]]>
    </line>
    <line>
      <![CDATA[<+======Ending the Test Method =====>]]>
    </line>
    <line>
      <![CDATA[Closing the browser session]]>
    </line>
    <line>
      <![CDATA[<===== Start of Test Method =====>]]>
    </line>
    <line>
      <![CDATA[Setting desired Capabilities]]>
    </line>
    <line>
      <![CDATA[Connecting to hub/ Grid]]>
    </line>
    <line>
      <![CDATA[Open LambdaTest’s Selenium Playground from]]>
    </line>
    <line>
      <![CDATA[Step 1:Open LambdaTests Selenium Playground form]]>
    </line>
    <line>
      <![CDATA[<---Lambda Test Second Scenario Handling Slider Bar Started ---->]]>
    </line>
    <line>
      <![CDATA[Step 1: click Drag and Drop Sliders under Progress Bars and Sliders.]]>
    </line>
    <line>
      <![CDATA[Step 3: Select the slider Default value 15.]]>
    </line>
    <line>
      <![CDATA[Step 4: drag the bar to make it 95]]>
    </line>
    <line>
      <![CDATA[Open LambdaTest’s Selenium Playground from]]>
    </line>
    <line>
      <![CDATA[Step 1:Open LambdaTests Selenium Playground form]]>
    </line>
    <line>
      <![CDATA[<---Lambda Test Second Scenario Handling Slider Bar Started ---->]]>
    </line>
    <line>
      <![CDATA[Step 1: click Drag and Drop Sliders under Progress Bars and Sliders.]]>
    </line>
    <line>
      <![CDATA[Step 3: Select the slider Default value 15.]]>
    </line>
    <line>
      <![CDATA[Step 4: drag the bar to make it 95]]>
    </line>
    <line>
      <![CDATA[Step 5: validating whether the range value shows 95.]]>
    </line>
    <line>
      <![CDATA[Lambda Test Second Scenario Ended]]>
    </line>
    <line>
      <![CDATA[<+======Ending the Test Method =====>]]>
    </line>
    <line>
      <![CDATA[Closing the browser session]]>
    </line>
    <line>
      <![CDATA[<===== Start of Test Method =====>]]>
    </line>
    <line>
      <![CDATA[Setting desired Capabilities]]>
    </line>
    <line>
      <![CDATA[Connecting to hub/ Grid]]>
    </line>
    <line>
      <![CDATA[Step 5: validating whether the range value shows 95.]]>
    </line>
    <line>
      <![CDATA[Lambda Test Second Scenario Ended]]>
    </line>
    <line>
      <![CDATA[<+======Ending the Test Method =====>]]>
    </line>
    <line>
      <![CDATA[Closing the browser session]]>
    </line>
    <line>
      <![CDATA[<===== Start of Test Method =====>]]>
    </line>
    <line>
      <![CDATA[Setting desired Capabilities]]>
    </line>
    <line>
      <![CDATA[Connecting to hub/ Grid]]>
    </line>
    <line>
      <![CDATA[Step 1:Open LambdaTest’s Selenium Playground from]]>
    </line>
    <line>
      <![CDATA[<-----Third Scenario Form filling started---->]]>
    </line>
    <line>
      <![CDATA[Step 2 : click on Input Form Submit link under Input Forms.]]>
    </line>
    <line>
      <![CDATA[Step 3: Click on Submit without filling in any information in the form.]]>
    </line>
    <line>
      <![CDATA[Step 4: Assert Please fill in the fields error message.]]>
    </line>
    <line>
      <![CDATA[Step 5 : Fill in Name, Email, and other fields. locators of all form fields]]>
    </line>
    <line>
      <![CDATA[Step 1:Open LambdaTest’s Selenium Playground from]]>
    </line>
    <line>
      <![CDATA[<-----Third Scenario Form filling started---->]]>
    </line>
    <line>
      <![CDATA[Step 2 : click on Input Form Submit link under Input Forms.]]>
    </line>
    <line>
      <![CDATA[Step 6: click Submit Button after fill the form]]>
    </line>
    <line>
      <![CDATA[STep 7: validate the success message on screen ---> Thanks for contacting us, will get back to you shortly.]]>
    </line>
    <line>
      <![CDATA[Lambda Test Form filling and Submission Ended]]>
    </line>
    <line>
      <![CDATA[<+======Ending the Test Method =====>]]>
    </line>
    <line>
      <![CDATA[Closing the browser session]]>
    </line>
    <line>
      <![CDATA[Step 3: Click on Submit without filling in any information in the form.]]>
    </line>
    <line>
      <![CDATA[Step 4: Assert Please fill in the fields error message.]]>
    </line>
    <line>
      <![CDATA[Step 5 : Fill in Name, Email, and other fields. locators of all form fields]]>
    </line>
    <line>
      <![CDATA[Step 6: click Submit Button after fill the form]]>
    </line>
    <line>
      <![CDATA[STep 7: validate the success message on screen ---> Thanks for contacting us, will get back to you shortly.]]>
    </line>
    <line>
      <![CDATA[Open LambdaTest’s Selenium Playground from]]>
    </line>
    <line>
      <![CDATA[Step 1:Open LambdaTests Selenium Playground form]]>
    </line>
    <line>
      <![CDATA[Lambda Test Form filling and Submission Ended]]>
    </line>
    <line>
      <![CDATA[<+======Ending the Test Method =====>]]>
    </line>
    <line>
      <![CDATA[Closing the browser session]]>
    </line>
    <line>
      <![CDATA[<---Lambda Test Second Scenario Handling Slider Bar Started ---->]]>
    </line>
    <line>
      <![CDATA[Step 1: click Drag and Drop Sliders under Progress Bars and Sliders.]]>
    </line>
    <line>
      <![CDATA[Step 3: Select the slider Default value 15.]]>
    </line>
    <line>
      <![CDATA[Step 4: drag the bar to make it 95]]>
    </line>
    <line>
      <![CDATA[Open LambdaTest’s Selenium Playground from]]>
    </line>
    <line>
      <![CDATA[<-----Lambda Test First Scenario Enter message and Validate it Started----->]]>
    </line>
    <line>
      <![CDATA[Click Simple Form Demo under Input Forms]]>
    </line>
    <line>
      <![CDATA[Validate that the URL contains simple-form-demo]]>
    </line>
    <line>
      <![CDATA[Create a variable for a string value]]>
    </line>
    <line>
      <![CDATA[Use this variable to enter values in the Enter Message text box.]]>
    </line>
    <line>
      <![CDATA[Click Get Checked Value]]>
    </line>
    <line>
      <![CDATA[Validate whether the same text message is displayed in the right-hand panel under the Your Message section]]>
    </line>
    <line>
      <![CDATA[<------Lambda Test First Scenario Ended----->]]>
    </line>
    <line>
      <![CDATA[<+======Ending the Test Method =====>]]>
    </line>
    <line>
      <![CDATA[Closing the browser session]]>
    </line>
    <line>
      <![CDATA[<===== Start of Test Method =====>]]>
    </line>
    <line>
      <![CDATA[Setting desired Capabilities]]>
    </line>
    <line>
      <![CDATA[Connecting to hub/ Grid]]>
    </line>
    <line>
      <![CDATA[Open LambdaTest’s Selenium Playground from]]>
    </line>
    <line>
      <![CDATA[<-----Lambda Test First Scenario Enter message and Validate it Started----->]]>
    </line>
    <line>
      <![CDATA[Click Simple Form Demo under Input Forms]]>
    </line>
    <line>
      <![CDATA[Validate that the URL contains simple-form-demo]]>
    </line>
    <line>
      <![CDATA[Create a variable for a string value]]>
    </line>
    <line>
      <![CDATA[Use this variable to enter values in the Enter Message text box.]]>
    </line>
    <line>
      <![CDATA[Click Get Checked Value]]>
    </line>
    <line>
      <![CDATA[Validate whether the same text message is displayed in the right-hand panel under the Your Message section]]>
    </line>
    <line>
      <![CDATA[<------Lambda Test First Scenario Ended----->]]>
    </line>
    <line>
      <![CDATA[<+======Ending the Test Method =====>]]>
    </line>
    <line>
      <![CDATA[Closing the browser session]]>
    </line>
    <line>
      <![CDATA[<===== Start of Test Method =====>]]>
    </line>
    <line>
      <![CDATA[Setting desired Capabilities]]>
    </line>
    <line>
      <![CDATA[Connecting to hub/ Grid]]>
    </line>
    <line>
      <![CDATA[Open LambdaTest’s Selenium Playground from]]>
    </line>
    <line>
      <![CDATA[Step 1:Open LambdaTests Selenium Playground form]]>
    </line>
    <line>
      <![CDATA[<---Lambda Test Second Scenario Handling Slider Bar Started ---->]]>
    </line>
    <line>
      <![CDATA[Step 1: click Drag and Drop Sliders under Progress Bars and Sliders.]]>
    </line>
    <line>
      <![CDATA[Step 3: Select the slider Default value 15.]]>
    </line>
    <line>
      <![CDATA[Step 4: drag the bar to make it 95]]>
    </line>
    <line>
      <![CDATA[Step 5: validating whether the range value shows 95.]]>
    </line>
    <line>
      <![CDATA[Lambda Test Second Scenario Ended]]>
    </line>
    <line>
      <![CDATA[<+======Ending the Test Method =====>]]>
    </line>
    <line>
      <![CDATA[Closing the browser session]]>
    </line>
    <line>
      <![CDATA[<===== Start of Test Method =====>]]>
    </line>
    <line>
      <![CDATA[Setting desired Capabilities]]>
    </line>
    <line>
      <![CDATA[Connecting to hub/ Grid]]>
    </line>
    <line>
      <![CDATA[Open LambdaTest’s Selenium Playground from]]>
    </line>
    <line>
      <![CDATA[Step 1:Open LambdaTests Selenium Playground form]]>
    </line>
    <line>
      <![CDATA[<---Lambda Test Second Scenario Handling Slider Bar Started ---->]]>
    </line>
    <line>
      <![CDATA[Step 1: click Drag and Drop Sliders under Progress Bars and Sliders.]]>
    </line>
    <line>
      <![CDATA[Step 3: Select the slider Default value 15.]]>
    </line>
    <line>
      <![CDATA[Step 4: drag the bar to make it 95]]>
    </line>
    <line>
      <![CDATA[Step 5: validating whether the range value shows 95.]]>
    </line>
    <line>
      <![CDATA[Lambda Test Second Scenario Ended]]>
    </line>
    <line>
      <![CDATA[<+======Ending the Test Method =====>]]>
    </line>
    <line>
      <![CDATA[Closing the browser session]]>
    </line>
    <line>
      <![CDATA[<===== Start of Test Method =====>]]>
    </line>
    <line>
      <![CDATA[Setting desired Capabilities]]>
    </line>
    <line>
      <![CDATA[Connecting to hub/ Grid]]>
    </line>
    <line>
      <![CDATA[Step 1:Open LambdaTest’s Selenium Playground from]]>
    </line>
    <line>
      <![CDATA[Step 5: validating whether the range value shows 95.]]>
    </line>
    <line>
      <![CDATA[<-----Third Scenario Form filling started---->]]>
    </line>
    <line>
      <![CDATA[Step 2 : click on Input Form Submit link under Input Forms.]]>
    </line>
    <line>
      <![CDATA[Lambda Test Second Scenario Ended]]>
    </line>
    <line>
      <![CDATA[<+======Ending the Test Method =====>]]>
    </line>
    <line>
      <![CDATA[Closing the browser session]]>
    </line>
    <line>
      <![CDATA[<===== Start of Test Method =====>]]>
    </line>
    <line>
      <![CDATA[Setting desired Capabilities]]>
    </line>
    <line>
      <![CDATA[Connecting to hub/ Grid]]>
    </line>
    <line>
      <![CDATA[Step 3: Click on Submit without filling in any information in the form.]]>
    </line>
    <line>
      <![CDATA[Step 4: Assert Please fill in the fields error message.]]>
    </line>
    <line>
      <![CDATA[Step 5 : Fill in Name, Email, and other fields. locators of all form fields]]>
    </line>
    <line>
      <![CDATA[Step 1:Open LambdaTest’s Selenium Playground from]]>
    </line>
    <line>
      <![CDATA[<-----Third Scenario Form filling started---->]]>
    </line>
    <line>
      <![CDATA[Step 2 : click on Input Form Submit link under Input Forms.]]>
    </line>
    <line>
      <![CDATA[Step 6: click Submit Button after fill the form]]>
    </line>
    <line>
      <![CDATA[STep 7: validate the success message on screen ---> Thanks for contacting us, will get back to you shortly.]]>
    </line>
    <line>
      <![CDATA[Lambda Test Form filling and Submission Ended]]>
    </line>
    <line>
      <![CDATA[<+======Ending the Test Method =====>]]>
    </line>
    <line>
      <![CDATA[Closing the browser session]]>
    </line>
    <line>
      <![CDATA[Step 3: Click on Submit without filling in any information in the form.]]>
    </line>
    <line>
      <![CDATA[Step 4: Assert Please fill in the fields error message.]]>
    </line>
    <line>
      <![CDATA[Step 5 : Fill in Name, Email, and other fields. locators of all form fields]]>
    </line>
    <line>
      <![CDATA[Step 6: click Submit Button after fill the form]]>
    </line>
    <line>
      <![CDATA[STep 7: validate the success message on screen ---> Thanks for contacting us, will get back to you shortly.]]>
    </line>
    <line>
      <![CDATA[Lambda Test Form filling and Submission Ended]]>
    </line>
    <line>
      <![CDATA[<+======Ending the Test Method =====>]]>
    </line>
    <line>
      <![CDATA[Closing the browser session]]>
    </line>
    <line>
      <![CDATA[Step 1:Open LambdaTest’s Selenium Playground from]]>
    </line>
    <line>
      <![CDATA[<-----Third Scenario Form filling started---->]]>
    </line>
    <line>
      <![CDATA[Step 2 : click on Input Form Submit link under Input Forms.]]>
    </line>
    <line>
      <![CDATA[Step 3: Click on Submit without filling in any information in the form.]]>
    </line>
    <line>
      <![CDATA[Step 4: Assert Please fill in the fields error message.]]>
    </line>
    <line>
      <![CDATA[Step 5 : Fill in Name, Email, and other fields. locators of all form fields]]>
    </line>
    <line>
      <![CDATA[Step 6: click Submit Button after fill the form]]>
    </line>
    <line>
      <![CDATA[STep 7: validate the success message on screen ---> Thanks for contacting us, will get back to you shortly.]]>
    </line>
    <line>
      <![CDATA[Lambda Test Form filling and Submission Ended]]>
    </line>
    <line>
      <![CDATA[<+======Ending the Test Method =====>]]>
    </line>
    <line>
      <![CDATA[Closing the browser session]]>
    </line>
    <line>
      <![CDATA[Step 1:Open LambdaTest’s Selenium Playground from]]>
    </line>
    <line>
      <![CDATA[<===== Start of Test Method =====>]]>
    </line>
    <line>
      <![CDATA[Setting desired Capabilities]]>
    </line>
    <line>
      <![CDATA[Connecting to hub/ Grid]]>
    </line>
    <line>
      <![CDATA[Open LambdaTest’s Selenium Playground from]]>
    </line>
    <line>
      <![CDATA[<-----Lambda Test First Scenario Enter message and Validate it Started----->]]>
    </line>
    <line>
      <![CDATA[Click Simple Form Demo under Input Forms]]>
    </line>
    <line>
      <![CDATA[Validate that the URL contains simple-form-demo]]>
    </line>
    <line>
      <![CDATA[Create a variable for a string value]]>
    </line>
    <line>
      <![CDATA[Use this variable to enter values in the Enter Message text box.]]>
    </line>
    <line>
      <![CDATA[Click Get Checked Value]]>
    </line>
    <line>
      <![CDATA[Validate whether the same text message is displayed in the right-hand panel under the Your Message section]]>
    </line>
    <line>
      <![CDATA[<------Lambda Test First Scenario Ended----->]]>
    </line>
    <line>
      <![CDATA[<+======Ending the Test Method =====>]]>
    </line>
    <line>
      <![CDATA[Closing the browser session]]>
    </line>
    <line>
      <![CDATA[<===== Start of Test Method =====>]]>
    </line>
    <line>
      <![CDATA[Setting desired Capabilities]]>
    </line>
    <line>
      <![CDATA[Connecting to hub/ Grid]]>
    </line>
    <line>
      <![CDATA[Open LambdaTest’s Selenium Playground from]]>
    </line>
    <line>
      <![CDATA[Step 1:Open LambdaTests Selenium Playground form]]>
    </line>
    <line>
      <![CDATA[<---Lambda Test Second Scenario Handling Slider Bar Started ---->]]>
    </line>
    <line>
      <![CDATA[Step 1: click Drag and Drop Sliders under Progress Bars and Sliders.]]>
    </line>
    <line>
      <![CDATA[Step 3: Select the slider Default value 15.]]>
    </line>
    <line>
      <![CDATA[Step 4: drag the bar to make it 95]]>
    </line>
    <line>
      <![CDATA[Step 5: validating whether the range value shows 95.]]>
    </line>
    <line>
      <![CDATA[Lambda Test Second Scenario Ended]]>
    </line>
    <line>
      <![CDATA[<+======Ending the Test Method =====>]]>
    </line>
    <line>
      <![CDATA[Closing the browser session]]>
    </line>
    <line>
      <![CDATA[<===== Start of Test Method =====>]]>
    </line>
    <line>
      <![CDATA[Setting desired Capabilities]]>
    </line>
    <line>
      <![CDATA[Connecting to hub/ Grid]]>
    </line>
    <line>
      <![CDATA[Step 1:Open LambdaTest’s Selenium Playground from]]>
    </line>
    <line>
      <![CDATA[<-----Third Scenario Form filling started---->]]>
    </line>
    <line>
      <![CDATA[Step 2 : click on Input Form Submit link under Input Forms.]]>
    </line>
    <line>
      <![CDATA[Step 3: Click on Submit without filling in any information in the form.]]>
    </line>
    <line>
      <![CDATA[Step 4: Assert Please fill in the fields error message.]]>
    </line>
    <line>
      <![CDATA[Step 5 : Fill in Name, Email, and other fields. locators of all form fields]]>
    </line>
    <line>
      <![CDATA[Step 6: click Submit Button after fill the form]]>
    </line>
    <line>
      <![CDATA[STep 7: validate the success message on screen ---> Thanks for contacting us, will get back to you shortly.]]>
    </line>
    <line>
      <![CDATA[Lambda Test Form filling and Submission Ended]]>
    </line>
    <line>
      <![CDATA[<+======Ending the Test Method =====>]]>
    </line>
    <line>
      <![CDATA[Closing the browser session]]>
    </line>
    <line>
      <![CDATA[Step 1:Open LambdaTest’s Selenium Playground from]]>
    </line>
    <line>
      <![CDATA[<===== Start of Test Method =====>]]>
    </line>
    <line>
      <![CDATA[Setting desired Capabilities]]>
    </line>
    <line>
      <![CDATA[Connecting to hub/ Grid]]>
    </line>
    <line>
      <![CDATA[Open LambdaTest’s Selenium Playground from]]>
    </line>
    <line>
      <![CDATA[<-----Lambda Test First Scenario Enter message and Validate it Started----->]]>
    </line>
    <line>
      <![CDATA[Click Simple Form Demo under Input Forms]]>
    </line>
    <line>
      <![CDATA[Validate that the URL contains simple-form-demo]]>
    </line>
    <line>
      <![CDATA[Create a variable for a string value]]>
    </line>
    <line>
      <![CDATA[Use this variable to enter values in the Enter Message text box.]]>
    </line>
    <line>
      <![CDATA[Click Get Checked Value]]>
    </line>
    <line>
      <![CDATA[Validate whether the same text message is displayed in the right-hand panel under the Your Message section]]>
    </line>
    <line>
      <![CDATA[<------Lambda Test First Scenario Ended----->]]>
    </line>
    <line>
      <![CDATA[<+======Ending the Test Method =====>]]>
    </line>
    <line>
      <![CDATA[Closing the browser session]]>
    </line>
    <line>
      <![CDATA[<===== Start of Test Method =====>]]>
    </line>
    <line>
      <![CDATA[Setting desired Capabilities]]>
    </line>
    <line>
      <![CDATA[Connecting to hub/ Grid]]>
    </line>
    <line>
      <![CDATA[Open LambdaTest’s Selenium Playground from]]>
    </line>
    <line>
      <![CDATA[Step 1:Open LambdaTests Selenium Playground form]]>
    </line>
    <line>
      <![CDATA[<---Lambda Test Second Scenario Handling Slider Bar Started ---->]]>
    </line>
    <line>
      <![CDATA[Step 1: click Drag and Drop Sliders under Progress Bars and Sliders.]]>
    </line>
    <line>
      <![CDATA[Step 3: Select the slider Default value 15.]]>
    </line>
    <line>
      <![CDATA[Step 4: drag the bar to make it 95]]>
    </line>
    <line>
      <![CDATA[Step 5: validating whether the range value shows 95.]]>
    </line>
    <line>
      <![CDATA[Lambda Test Second Scenario Ended]]>
    </line>
    <line>
      <![CDATA[<+======Ending the Test Method =====>]]>
    </line>
    <line>
      <![CDATA[Closing the browser session]]>
    </line>
    <line>
      <![CDATA[<===== Start of Test Method =====>]]>
    </line>
    <line>
      <![CDATA[Setting desired Capabilities]]>
    </line>
    <line>
      <![CDATA[Connecting to hub/ Grid]]>
    </line>
    <line>
      <![CDATA[Step 1:Open LambdaTest’s Selenium Playground from]]>
    </line>
    <line>
      <![CDATA[<-----Third Scenario Form filling started---->]]>
    </line>
    <line>
      <![CDATA[Step 2 : click on Input Form Submit link under Input Forms.]]>
    </line>
    <line>
      <![CDATA[Step 3: Click on Submit without filling in any information in the form.]]>
    </line>
    <line>
      <![CDATA[Step 4: Assert Please fill in the fields error message.]]>
    </line>
    <line>
      <![CDATA[Step 5 : Fill in Name, Email, and other fields. locators of all form fields]]>
    </line>
    <line>
      <![CDATA[Step 6: click Submit Button after fill the form]]>
    </line>
    <line>
      <![CDATA[STep 7: validate the success message on screen ---> Thanks for contacting us, will get back to you shortly.]]>
    </line>
    <line>
      <![CDATA[Lambda Test Form filling and Submission Ended]]>
    </line>
    <line>
      <![CDATA[<+======Ending the Test Method =====>]]>
    </line>
    <line>
      <![CDATA[Closing the browser session]]>
    </line>
    <line>
      <![CDATA[Step 1:Open LambdaTest’s Selenium Playground from]]>
    </line>
    <line>
      <![CDATA[<===== Start of Test Method =====>]]>
    </line>
    <line>
      <![CDATA[Setting desired Capabilities]]>
    </line>
    <line>
      <![CDATA[Connecting to hub/ Grid]]>
    </line>
    <line>
      <![CDATA[Open LambdaTest’s Selenium Playground from]]>
    </line>
    <line>
      <![CDATA[<-----Lambda Test First Scenario Enter message and Validate it Started----->]]>
    </line>
    <line>
      <![CDATA[Click Simple Form Demo under Input Forms]]>
    </line>
    <line>
      <![CDATA[Validate that the URL contains simple-form-demo]]>
    </line>
    <line>
      <![CDATA[Create a variable for a string value]]>
    </line>
    <line>
      <![CDATA[Use this variable to enter values in the Enter Message text box.]]>
    </line>
    <line>
      <![CDATA[Click Get Checked Value]]>
    </line>
    <line>
      <![CDATA[Validate whether the same text message is displayed in the right-hand panel under the Your Message section]]>
    </line>
    <line>
      <![CDATA[<------Lambda Test First Scenario Ended----->]]>
    </line>
    <line>
      <![CDATA[<+======Ending the Test Method =====>]]>
    </line>
    <line>
      <![CDATA[Closing the browser session]]>
    </line>
    <line>
      <![CDATA[<===== Start of Test Method =====>]]>
    </line>
    <line>
      <![CDATA[Setting desired Capabilities]]>
    </line>
    <line>
      <![CDATA[Connecting to hub/ Grid]]>
    </line>
    <line>
      <![CDATA[Open LambdaTest’s Selenium Playground from]]>
    </line>
    <line>
      <![CDATA[Step 1:Open LambdaTests Selenium Playground form]]>
    </line>
    <line>
      <![CDATA[<---Lambda Test Second Scenario Handling Slider Bar Started ---->]]>
    </line>
    <line>
      <![CDATA[Step 1: click Drag and Drop Sliders under Progress Bars and Sliders.]]>
    </line>
    <line>
      <![CDATA[Step 3: Select the slider Default value 15.]]>
    </line>
    <line>
      <![CDATA[Step 4: drag the bar to make it 95]]>
    </line>
    <line>
      <![CDATA[Step 5: validating whether the range value shows 95.]]>
    </line>
    <line>
      <![CDATA[Lambda Test Second Scenario Ended]]>
    </line>
    <line>
      <![CDATA[<+======Ending the Test Method =====>]]>
    </line>
    <line>
      <![CDATA[Closing the browser session]]>
    </line>
    <line>
      <![CDATA[<===== Start of Test Method =====>]]>
    </line>
    <line>
      <![CDATA[Setting desired Capabilities]]>
    </line>
    <line>
      <![CDATA[Connecting to hub/ Grid]]>
    </line>
    <line>
      <![CDATA[Step 1:Open LambdaTest’s Selenium Playground from]]>
    </line>
    <line>
      <![CDATA[<-----Third Scenario Form filling started---->]]>
    </line>
    <line>
      <![CDATA[Step 2 : click on Input Form Submit link under Input Forms.]]>
    </line>
    <line>
      <![CDATA[Step 3: Click on Submit without filling in any information in the form.]]>
    </line>
    <line>
      <![CDATA[Step 4: Assert Please fill in the fields error message.]]>
    </line>
    <line>
      <![CDATA[Step 5 : Fill in Name, Email, and other fields. locators of all form fields]]>
    </line>
    <line>
      <![CDATA[Step 6: click Submit Button after fill the form]]>
    </line>
    <line>
      <![CDATA[STep 7: validate the success message on screen ---> Thanks for contacting us, will get back to you shortly.]]>
    </line>
    <line>
      <![CDATA[Lambda Test Form filling and Submission Ended]]>
    </line>
    <line>
      <![CDATA[<+======Ending the Test Method =====>]]>
    </line>
    <line>
      <![CDATA[Closing the browser session]]>
    </line>
  </reporter-output>
  <suite started-at="2022-10-04T23:27:53 IST" name="TestNG Parallel Test suite" finished-at="2022-10-04T23:32:46 IST" duration-ms="293131">
    <groups>
    </groups>
    <test started-at="2022-10-04T23:27:53 IST" name="Firefox Browser Testing" finished-at="2022-10-04T23:29:57 IST" duration-ms="124363">
      <class name="com.lambda.test.LambdaTest_1">
        <test-method is-config="true" signature="setUrl(java.lang.String)[pri:0, instance:com.lambda.test.LambdaTest_1@291ae]" started-at="2022-10-04T23:27:53 IST" name="setUrl" finished-at="2022-10-04T23:27:53 IST" duration-ms="54" status="PASS">
          <params>
            <param index="0">
              <value>
                <![CDATA[https://www.lambdatest.com/selenium-playground/]]>
              </value>
            </param>
          </params>
          <reporter-output>
            <line>
              <![CDATA[Step 1:Open LambdaTest’s Selenium Playground from]]>
            </line>
          </reporter-output>
        </test-method> <!-- setUrl -->
        <test-method is-config="true" signature="setup(java.lang.reflect.Method,org.testng.ITestContext,java.lang.String,java.lang.String,java.lang.String)[pri:0, instance:com.lambda.test.LambdaTest_1@291ae]" started-at="2022-10-04T23:27:53 IST" name="setup" finished-at="2022-10-04T23:28:06 IST" duration-ms="13112" status="PASS">
          <params>
            <param index="0">
              <value>
                <![CDATA[public void com.lambda.test.LambdaTest_1.EnterAndValidateMessage() throws java.lang.InterruptedException]]>
              </value>
            </param>
            <param index="1">
              <value>
                <![CDATA[org.testng.TestRunner@8dbdac1]]>
              </value>
            </param>
            <param index="2">
              <value>
                <![CDATA[Firefox]]>
              </value>
            </param>
            <param index="3">
              <value>
                <![CDATA[82.0]]>
              </value>
            </param>
            <param index="4">
              <value>
                <![CDATA[macOS Sierra]]>
              </value>
            </param>
          </params>
          <reporter-output>
            <line>
              <![CDATA[<===== Start of Test Method =====>]]>
            </line>
            <line>
              <![CDATA[Setting desired Capabilities]]>
            </line>
            <line>
              <![CDATA[Connecting to hub/ Grid]]>
            </line>
          </reporter-output>
        </test-method> <!-- setup -->
        <test-method signature="EnterAndValidateMessage()[pri:0, instance:com.lambda.test.LambdaTest_1@291ae]" started-at="2022-10-04T23:28:06 IST" name="EnterAndValidateMessage" finished-at="2022-10-04T23:28:15 IST" duration-ms="9478" status="PASS">
          <reporter-output>
            <line>
              <![CDATA[Open LambdaTest’s Selenium Playground from]]>
            </line>
            <line>
              <![CDATA[<-----Lambda Test First Scenario Enter message and Validate it Started----->]]>
            </line>
            <line>
              <![CDATA[Click Simple Form Demo under Input Forms]]>
            </line>
            <line>
              <![CDATA[Validate that the URL contains simple-form-demo]]>
            </line>
            <line>
              <![CDATA[Create a variable for a string value]]>
            </line>
            <line>
              <![CDATA[Use this variable to enter values in the Enter Message text box.]]>
            </line>
            <line>
              <![CDATA[Click Get Checked Value]]>
            </line>
            <line>
              <![CDATA[Validate whether the same text message is displayed in the right-hand panel under the Your Message section]]>
            </line>
            <line>
              <![CDATA[<------Lambda Test First Scenario Ended----->]]>
            </line>
          </reporter-output>
        </test-method> <!-- EnterAndValidateMessage -->
        <test-method is-config="true" signature="tearDown()[pri:0, instance:com.lambda.test.LambdaTest_1@291ae]" started-at="2022-10-04T23:28:15 IST" name="tearDown" finished-at="2022-10-04T23:28:18 IST" duration-ms="2442" status="PASS">
          <reporter-output>
            <line>
              <![CDATA[<+======Ending the Test Method =====>]]>
            </line>
            <line>
              <![CDATA[Closing the browser session]]>
            </line>
          </reporter-output>
        </test-method> <!-- tearDown -->
      </class> <!-- com.lambda.test.LambdaTest_1 -->
      <class name="com.lambda.test.LambdaTest_2">
        <test-method is-config="true" signature="setup(java.lang.reflect.Method,org.testng.ITestContext,java.lang.String,java.lang.String,java.lang.String)[pri:0, instance:com.lambda.test.LambdaTest_2@61df66b6]" started-at="2022-10-04T23:28:18 IST" name="setup" finished-at="2022-10-04T23:28:41 IST" duration-ms="23414" status="PASS">
          <params>
            <param index="0">
              <value>
                <![CDATA[public void com.lambda.test.LambdaTest_2.HandlingSliderBar() throws java.lang.InterruptedException]]>
              </value>
            </param>
            <param index="1">
              <value>
                <![CDATA[org.testng.TestRunner@8dbdac1]]>
              </value>
            </param>
            <param index="2">
              <value>
                <![CDATA[Firefox]]>
              </value>
            </param>
            <param index="3">
              <value>
                <![CDATA[82.0]]>
              </value>
            </param>
            <param index="4">
              <value>
                <![CDATA[macOS Sierra]]>
              </value>
            </param>
          </params>
          <reporter-output>
            <line>
              <![CDATA[<===== Start of Test Method =====>]]>
            </line>
            <line>
              <![CDATA[Setting desired Capabilities]]>
            </line>
            <line>
              <![CDATA[Connecting to hub/ Grid]]>
            </line>
          </reporter-output>
        </test-method> <!-- setup -->
        <test-method signature="HandlingSliderBar()[pri:0, instance:com.lambda.test.LambdaTest_2@61df66b6]" started-at="2022-10-04T23:28:41 IST" name="HandlingSliderBar" finished-at="2022-10-04T23:29:23 IST" duration-ms="42280" status="PASS">
          <reporter-output>
            <line>
              <![CDATA[Open LambdaTest’s Selenium Playground from]]>
            </line>
            <line>
              <![CDATA[Step 1:Open LambdaTests Selenium Playground form]]>
            </line>
            <line>
              <![CDATA[<---Lambda Test Second Scenario Handling Slider Bar Started ---->]]>
            </line>
            <line>
              <![CDATA[Step 1: click Drag and Drop Sliders under Progress Bars and Sliders.]]>
            </line>
            <line>
              <![CDATA[Step 3: Select the slider Default value 15.]]>
            </line>
            <line>
              <![CDATA[Step 4: drag the bar to make it 95]]>
            </line>
            <line>
              <![CDATA[Step 5: validating whether the range value shows 95.]]>
            </line>
            <line>
              <![CDATA[Lambda Test Second Scenario Ended]]>
            </line>
          </reporter-output>
        </test-method> <!-- HandlingSliderBar -->
        <test-method is-config="true" signature="tearDown()[pri:0, instance:com.lambda.test.LambdaTest_2@61df66b6]" started-at="2022-10-04T23:29:23 IST" name="tearDown" finished-at="2022-10-04T23:29:26 IST" duration-ms="2441" status="PASS">
          <reporter-output>
            <line>
              <![CDATA[<+======Ending the Test Method =====>]]>
            </line>
            <line>
              <![CDATA[Closing the browser session]]>
            </line>
          </reporter-output>
        </test-method> <!-- tearDown -->
      </class> <!-- com.lambda.test.LambdaTest_2 -->
      <class name="com.lambda.test.LambdaTest_3">
        <test-method is-config="true" signature="setup(java.lang.reflect.Method,org.testng.ITestContext,java.lang.String,java.lang.String,java.lang.String)[pri:0, instance:com.lambda.test.LambdaTest_3@50eac852]" started-at="2022-10-04T23:29:26 IST" name="setup" finished-at="2022-10-04T23:29:37 IST" duration-ms="10706" status="PASS">
          <params>
            <param index="0">
              <value>
                <![CDATA[public void com.lambda.test.LambdaTest_3.FormFilling() throws java.lang.InterruptedException]]>
              </value>
            </param>
            <param index="1">
              <value>
                <![CDATA[org.testng.TestRunner@8dbdac1]]>
              </value>
            </param>
            <param index="2">
              <value>
                <![CDATA[Firefox]]>
              </value>
            </param>
            <param index="3">
              <value>
                <![CDATA[82.0]]>
              </value>
            </param>
            <param index="4">
              <value>
                <![CDATA[macOS Sierra]]>
              </value>
            </param>
          </params>
          <reporter-output>
            <line>
              <![CDATA[<===== Start of Test Method =====>]]>
            </line>
            <line>
              <![CDATA[Setting desired Capabilities]]>
            </line>
            <line>
              <![CDATA[Connecting to hub/ Grid]]>
            </line>
          </reporter-output>
        </test-method> <!-- setup -->
        <test-method signature="FormFilling()[pri:0, instance:com.lambda.test.LambdaTest_3@50eac852]" started-at="2022-10-04T23:29:37 IST" name="FormFilling" finished-at="2022-10-04T23:29:54 IST" duration-ms="17387" status="PASS">
          <reporter-output>
            <line>
              <![CDATA[Step 1:Open LambdaTest’s Selenium Playground from]]>
            </line>
            <line>
              <![CDATA[<-----Third Scenario Form filling started---->]]>
            </line>
            <line>
              <![CDATA[Step 2 : click on Input Form Submit link under Input Forms.]]>
            </line>
            <line>
              <![CDATA[Step 3: Click on Submit without filling in any information in the form.]]>
            </line>
            <line>
              <![CDATA[Step 4: Assert Please fill in the fields error message.]]>
            </line>
            <line>
              <![CDATA[Step 5 : Fill in Name, Email, and other fields. locators of all form fields]]>
            </line>
            <line>
              <![CDATA[Step 6: click Submit Button after fill the form]]>
            </line>
            <line>
              <![CDATA[STep 7: validate the success message on screen ---> Thanks for contacting us, will get back to you shortly.]]>
            </line>
            <line>
              <![CDATA[Lambda Test Form filling and Submission Ended]]>
            </line>
          </reporter-output>
        </test-method> <!-- FormFilling -->
        <test-method is-config="true" signature="tearDown()[pri:0, instance:com.lambda.test.LambdaTest_3@50eac852]" started-at="2022-10-04T23:29:54 IST" name="tearDown" finished-at="2022-10-04T23:29:57 IST" duration-ms="2944" status="PASS">
          <reporter-output>
            <line>
              <![CDATA[<+======Ending the Test Method =====>]]>
            </line>
            <line>
              <![CDATA[Closing the browser session]]>
            </line>
          </reporter-output>
        </test-method> <!-- tearDown -->
      </class> <!-- com.lambda.test.LambdaTest_3 -->
    </test> <!-- Firefox Browser Testing -->
    <test started-at="2022-10-04T23:27:53 IST" name="Edge Browser Testing" finished-at="2022-10-04T23:30:10 IST" duration-ms="137075">
      <class name="com.lambda.test.LambdaTest_1">
        <test-method is-config="true" signature="setUrl(java.lang.String)[pri:0, instance:com.lambda.test.LambdaTest_1@619713e5]" started-at="2022-10-04T23:27:53 IST" name="setUrl" finished-at="2022-10-04T23:27:53 IST" duration-ms="52" status="PASS">
          <params>
            <param index="0">
              <value>
                <![CDATA[https://www.lambdatest.com/selenium-playground/]]>
              </value>
            </param>
          </params>
          <reporter-output>
            <line>
              <![CDATA[Step 1:Open LambdaTest’s Selenium Playground from]]>
            </line>
          </reporter-output>
        </test-method> <!-- setUrl -->
        <test-method is-config="true" signature="setup(java.lang.reflect.Method,org.testng.ITestContext,java.lang.String,java.lang.String,java.lang.String)[pri:0, instance:com.lambda.test.LambdaTest_1@619713e5]" started-at="2022-10-04T23:27:53 IST" name="setup" finished-at="2022-10-04T23:28:25 IST" duration-ms="32581" status="PASS">
          <params>
            <param index="0">
              <value>
                <![CDATA[public void com.lambda.test.LambdaTest_1.EnterAndValidateMessage() throws java.lang.InterruptedException]]>
              </value>
            </param>
            <param index="1">
              <value>
                <![CDATA[org.testng.TestRunner@6e20b53a]]>
              </value>
            </param>
            <param index="2">
              <value>
                <![CDATA[Edge]]>
              </value>
            </param>
            <param index="3">
              <value>
                <![CDATA[87.0]]>
              </value>
            </param>
            <param index="4">
              <value>
                <![CDATA[MacOS Catalina]]>
              </value>
            </param>
          </params>
          <reporter-output>
            <line>
              <![CDATA[<===== Start of Test Method =====>]]>
            </line>
            <line>
              <![CDATA[Setting desired Capabilities]]>
            </line>
            <line>
              <![CDATA[Connecting to hub/ Grid]]>
            </line>
          </reporter-output>
        </test-method> <!-- setup -->
        <test-method signature="EnterAndValidateMessage()[pri:0, instance:com.lambda.test.LambdaTest_1@619713e5]" started-at="2022-10-04T23:28:25 IST" name="EnterAndValidateMessage" finished-at="2022-10-04T23:28:36 IST" duration-ms="10725" status="PASS">
          <reporter-output>
            <line>
              <![CDATA[Open LambdaTest’s Selenium Playground from]]>
            </line>
            <line>
              <![CDATA[<-----Lambda Test First Scenario Enter message and Validate it Started----->]]>
            </line>
            <line>
              <![CDATA[Click Simple Form Demo under Input Forms]]>
            </line>
            <line>
              <![CDATA[Validate that the URL contains simple-form-demo]]>
            </line>
            <line>
              <![CDATA[Create a variable for a string value]]>
            </line>
            <line>
              <![CDATA[Use this variable to enter values in the Enter Message text box.]]>
            </line>
            <line>
              <![CDATA[Click Get Checked Value]]>
            </line>
            <line>
              <![CDATA[Validate whether the same text message is displayed in the right-hand panel under the Your Message section]]>
            </line>
            <line>
              <![CDATA[<------Lambda Test First Scenario Ended----->]]>
            </line>
          </reporter-output>
        </test-method> <!-- EnterAndValidateMessage -->
        <test-method is-config="true" signature="tearDown()[pri:0, instance:com.lambda.test.LambdaTest_1@619713e5]" started-at="2022-10-04T23:28:36 IST" name="tearDown" finished-at="2022-10-04T23:28:39 IST" duration-ms="2570" status="PASS">
          <reporter-output>
            <line>
              <![CDATA[<+======Ending the Test Method =====>]]>
            </line>
            <line>
              <![CDATA[Closing the browser session]]>
            </line>
          </reporter-output>
        </test-method> <!-- tearDown -->
      </class> <!-- com.lambda.test.LambdaTest_1 -->
      <class name="com.lambda.test.LambdaTest_2">
        <test-method is-config="true" signature="setup(java.lang.reflect.Method,org.testng.ITestContext,java.lang.String,java.lang.String,java.lang.String)[pri:0, instance:com.lambda.test.LambdaTest_2@708f5957]" started-at="2022-10-04T23:28:39 IST" name="setup" finished-at="2022-10-04T23:28:46 IST" duration-ms="7383" status="PASS">
          <params>
            <param index="0">
              <value>
                <![CDATA[public void com.lambda.test.LambdaTest_2.HandlingSliderBar() throws java.lang.InterruptedException]]>
              </value>
            </param>
            <param index="1">
              <value>
                <![CDATA[org.testng.TestRunner@6e20b53a]]>
              </value>
            </param>
            <param index="2">
              <value>
                <![CDATA[Edge]]>
              </value>
            </param>
            <param index="3">
              <value>
                <![CDATA[87.0]]>
              </value>
            </param>
            <param index="4">
              <value>
                <![CDATA[MacOS Catalina]]>
              </value>
            </param>
          </params>
          <reporter-output>
            <line>
              <![CDATA[<===== Start of Test Method =====>]]>
            </line>
            <line>
              <![CDATA[Setting desired Capabilities]]>
            </line>
            <line>
              <![CDATA[Connecting to hub/ Grid]]>
            </line>
          </reporter-output>
        </test-method> <!-- setup -->
        <test-method signature="HandlingSliderBar()[pri:0, instance:com.lambda.test.LambdaTest_2@708f5957]" started-at="2022-10-04T23:28:46 IST" name="HandlingSliderBar" finished-at="2022-10-04T23:29:30 IST" duration-ms="44142" status="PASS">
          <reporter-output>
            <line>
              <![CDATA[Open LambdaTest’s Selenium Playground from]]>
            </line>
            <line>
              <![CDATA[Step 1:Open LambdaTests Selenium Playground form]]>
            </line>
            <line>
              <![CDATA[<---Lambda Test Second Scenario Handling Slider Bar Started ---->]]>
            </line>
            <line>
              <![CDATA[Step 1: click Drag and Drop Sliders under Progress Bars and Sliders.]]>
            </line>
            <line>
              <![CDATA[Step 3: Select the slider Default value 15.]]>
            </line>
            <line>
              <![CDATA[Step 4: drag the bar to make it 95]]>
            </line>
            <line>
              <![CDATA[Step 5: validating whether the range value shows 95.]]>
            </line>
            <line>
              <![CDATA[Lambda Test Second Scenario Ended]]>
            </line>
          </reporter-output>
        </test-method> <!-- HandlingSliderBar -->
        <test-method is-config="true" signature="tearDown()[pri:0, instance:com.lambda.test.LambdaTest_2@708f5957]" started-at="2022-10-04T23:29:30 IST" name="tearDown" finished-at="2022-10-04T23:29:32 IST" duration-ms="2212" status="PASS">
          <reporter-output>
            <line>
              <![CDATA[<+======Ending the Test Method =====>]]>
            </line>
            <line>
              <![CDATA[Closing the browser session]]>
            </line>
          </reporter-output>
        </test-method> <!-- tearDown -->
      </class> <!-- com.lambda.test.LambdaTest_2 -->
      <class name="com.lambda.test.LambdaTest_3">
        <test-method is-config="true" signature="setup(java.lang.reflect.Method,org.testng.ITestContext,java.lang.String,java.lang.String,java.lang.String)[pri:0, instance:com.lambda.test.LambdaTest_3@68999068]" started-at="2022-10-04T23:29:32 IST" name="setup" finished-at="2022-10-04T23:29:48 IST" duration-ms="15279" status="PASS">
          <params>
            <param index="0">
              <value>
                <![CDATA[public void com.lambda.test.LambdaTest_3.FormFilling() throws java.lang.InterruptedException]]>
              </value>
            </param>
            <param index="1">
              <value>
                <![CDATA[org.testng.TestRunner@6e20b53a]]>
              </value>
            </param>
            <param index="2">
              <value>
                <![CDATA[Edge]]>
              </value>
            </param>
            <param index="3">
              <value>
                <![CDATA[87.0]]>
              </value>
            </param>
            <param index="4">
              <value>
                <![CDATA[MacOS Catalina]]>
              </value>
            </param>
          </params>
          <reporter-output>
            <line>
              <![CDATA[<===== Start of Test Method =====>]]>
            </line>
            <line>
              <![CDATA[Setting desired Capabilities]]>
            </line>
            <line>
              <![CDATA[Connecting to hub/ Grid]]>
            </line>
          </reporter-output>
        </test-method> <!-- setup -->
        <test-method signature="FormFilling()[pri:0, instance:com.lambda.test.LambdaTest_3@68999068]" started-at="2022-10-04T23:29:48 IST" name="FormFilling" finished-at="2022-10-04T23:30:08 IST" duration-ms="19943" status="PASS">
          <reporter-output>
            <line>
              <![CDATA[Step 1:Open LambdaTest’s Selenium Playground from]]>
            </line>
            <line>
              <![CDATA[<-----Third Scenario Form filling started---->]]>
            </line>
            <line>
              <![CDATA[Step 2 : click on Input Form Submit link under Input Forms.]]>
            </line>
            <line>
              <![CDATA[Step 3: Click on Submit without filling in any information in the form.]]>
            </line>
            <line>
              <![CDATA[Step 4: Assert Please fill in the fields error message.]]>
            </line>
            <line>
              <![CDATA[Step 5 : Fill in Name, Email, and other fields. locators of all form fields]]>
            </line>
            <line>
              <![CDATA[Step 6: click Submit Button after fill the form]]>
            </line>
            <line>
              <![CDATA[STep 7: validate the success message on screen ---> Thanks for contacting us, will get back to you shortly.]]>
            </line>
            <line>
              <![CDATA[Lambda Test Form filling and Submission Ended]]>
            </line>
          </reporter-output>
        </test-method> <!-- FormFilling -->
        <test-method is-config="true" signature="tearDown()[pri:0, instance:com.lambda.test.LambdaTest_3@68999068]" started-at="2022-10-04T23:30:08 IST" name="tearDown" finished-at="2022-10-04T23:30:10 IST" duration-ms="2091" status="PASS">
          <reporter-output>
            <line>
              <![CDATA[<+======Ending the Test Method =====>]]>
            </line>
            <line>
              <![CDATA[Closing the browser session]]>
            </line>
          </reporter-output>
        </test-method> <!-- tearDown -->
      </class> <!-- com.lambda.test.LambdaTest_3 -->
    </test> <!-- Edge Browser Testing -->
    <test started-at="2022-10-04T23:27:53 IST" name="Internet Explorer Browser Testing" finished-at="2022-10-04T23:32:33 IST" duration-ms="280420">
      <class name="com.lambda.test.LambdaTest_1">
        <test-method is-config="true" signature="setUrl(java.lang.String)[pri:0, instance:com.lambda.test.LambdaTest_1@41fbdac4]" started-at="2022-10-04T23:27:53 IST" name="setUrl" finished-at="2022-10-04T23:27:53 IST" duration-ms="57" status="PASS">
          <params>
            <param index="0">
              <value>
                <![CDATA[https://www.lambdatest.com/selenium-playground/]]>
              </value>
            </param>
          </params>
          <reporter-output>
            <line>
              <![CDATA[Step 1:Open LambdaTest’s Selenium Playground from]]>
            </line>
          </reporter-output>
        </test-method> <!-- setUrl -->
        <test-method is-config="true" signature="setup(java.lang.reflect.Method,org.testng.ITestContext,java.lang.String,java.lang.String,java.lang.String)[pri:0, instance:com.lambda.test.LambdaTest_1@41fbdac4]" started-at="2022-10-04T23:27:53 IST" name="setup" finished-at="2022-10-04T23:28:06 IST" duration-ms="13113" status="PASS">
          <params>
            <param index="0">
              <value>
                <![CDATA[public void com.lambda.test.LambdaTest_1.EnterAndValidateMessage() throws java.lang.InterruptedException]]>
              </value>
            </param>
            <param index="1">
              <value>
                <![CDATA[org.testng.TestRunner@71809907]]>
              </value>
            </param>
            <param index="2">
              <value>
                <![CDATA[Internet Explorer]]>
              </value>
            </param>
            <param index="3">
              <value>
                <![CDATA[latest]]>
              </value>
            </param>
            <param index="4">
              <value>
                <![CDATA[Windows 10]]>
              </value>
            </param>
          </params>
          <reporter-output>
            <line>
              <![CDATA[<===== Start of Test Method =====>]]>
            </line>
            <line>
              <![CDATA[Setting desired Capabilities]]>
            </line>
            <line>
              <![CDATA[Connecting to hub/ Grid]]>
            </line>
          </reporter-output>
        </test-method> <!-- setup -->
        <test-method signature="EnterAndValidateMessage()[pri:0, instance:com.lambda.test.LambdaTest_1@41fbdac4]" started-at="2022-10-04T23:28:06 IST" name="EnterAndValidateMessage" finished-at="2022-10-04T23:28:17 IST" duration-ms="10930" status="PASS">
          <reporter-output>
            <line>
              <![CDATA[Open LambdaTest’s Selenium Playground from]]>
            </line>
            <line>
              <![CDATA[<-----Lambda Test First Scenario Enter message and Validate it Started----->]]>
            </line>
            <line>
              <![CDATA[Click Simple Form Demo under Input Forms]]>
            </line>
            <line>
              <![CDATA[Validate that the URL contains simple-form-demo]]>
            </line>
            <line>
              <![CDATA[Create a variable for a string value]]>
            </line>
            <line>
              <![CDATA[Use this variable to enter values in the Enter Message text box.]]>
            </line>
            <line>
              <![CDATA[Click Get Checked Value]]>
            </line>
            <line>
              <![CDATA[Validate whether the same text message is displayed in the right-hand panel under the Your Message section]]>
            </line>
            <line>
              <![CDATA[<------Lambda Test First Scenario Ended----->]]>
            </line>
          </reporter-output>
        </test-method> <!-- EnterAndValidateMessage -->
        <test-method is-config="true" signature="tearDown()[pri:0, instance:com.lambda.test.LambdaTest_1@41fbdac4]" started-at="2022-10-04T23:28:17 IST" name="tearDown" finished-at="2022-10-04T23:28:19 IST" duration-ms="1783" status="PASS">
          <reporter-output>
            <line>
              <![CDATA[<+======Ending the Test Method =====>]]>
            </line>
            <line>
              <![CDATA[Closing the browser session]]>
            </line>
          </reporter-output>
        </test-method> <!-- tearDown -->
      </class> <!-- com.lambda.test.LambdaTest_1 -->
      <class name="com.lambda.test.LambdaTest_2">
        <test-method is-config="true" signature="setup(java.lang.reflect.Method,org.testng.ITestContext,java.lang.String,java.lang.String,java.lang.String)[pri:0, instance:com.lambda.test.LambdaTest_2@3c407114]" started-at="2022-10-04T23:28:19 IST" name="setup" finished-at="2022-10-04T23:30:07 IST" duration-ms="108957" status="PASS">
          <params>
            <param index="0">
              <value>
                <![CDATA[public void com.lambda.test.LambdaTest_2.HandlingSliderBar() throws java.lang.InterruptedException]]>
              </value>
            </param>
            <param index="1">
              <value>
                <![CDATA[org.testng.TestRunner@71809907]]>
              </value>
            </param>
            <param index="2">
              <value>
                <![CDATA[Internet Explorer]]>
              </value>
            </param>
            <param index="3">
              <value>
                <![CDATA[latest]]>
              </value>
            </param>
            <param index="4">
              <value>
                <![CDATA[Windows 10]]>
              </value>
            </param>
          </params>
          <reporter-output>
            <line>
              <![CDATA[<===== Start of Test Method =====>]]>
            </line>
            <line>
              <![CDATA[Setting desired Capabilities]]>
            </line>
            <line>
              <![CDATA[Connecting to hub/ Grid]]>
            </line>
          </reporter-output>
        </test-method> <!-- setup -->
        <test-method signature="HandlingSliderBar()[pri:0, instance:com.lambda.test.LambdaTest_2@3c407114]" started-at="2022-10-04T23:30:07 IST" name="HandlingSliderBar" finished-at="2022-10-04T23:31:15 IST" duration-ms="67857" status="PASS">
          <reporter-output>
            <line>
              <![CDATA[Open LambdaTest’s Selenium Playground from]]>
            </line>
            <line>
              <![CDATA[Step 1:Open LambdaTests Selenium Playground form]]>
            </line>
            <line>
              <![CDATA[<---Lambda Test Second Scenario Handling Slider Bar Started ---->]]>
            </line>
            <line>
              <![CDATA[Step 1: click Drag and Drop Sliders under Progress Bars and Sliders.]]>
            </line>
            <line>
              <![CDATA[Step 3: Select the slider Default value 15.]]>
            </line>
            <line>
              <![CDATA[Step 4: drag the bar to make it 95]]>
            </line>
            <line>
              <![CDATA[Step 5: validating whether the range value shows 95.]]>
            </line>
            <line>
              <![CDATA[Lambda Test Second Scenario Ended]]>
            </line>
          </reporter-output>
        </test-method> <!-- HandlingSliderBar -->
        <test-method is-config="true" signature="tearDown()[pri:0, instance:com.lambda.test.LambdaTest_2@3c407114]" started-at="2022-10-04T23:31:15 IST" name="tearDown" finished-at="2022-10-04T23:31:17 IST" duration-ms="1849" status="PASS">
          <reporter-output>
            <line>
              <![CDATA[<+======Ending the Test Method =====>]]>
            </line>
            <line>
              <![CDATA[Closing the browser session]]>
            </line>
          </reporter-output>
        </test-method> <!-- tearDown -->
      </class> <!-- com.lambda.test.LambdaTest_2 -->
      <class name="com.lambda.test.LambdaTest_3">
        <test-method is-config="true" signature="setup(java.lang.reflect.Method,org.testng.ITestContext,java.lang.String,java.lang.String,java.lang.String)[pri:0, instance:com.lambda.test.LambdaTest_3@35ef1869]" started-at="2022-10-04T23:31:17 IST" name="setup" finished-at="2022-10-04T23:32:08 IST" duration-ms="50742" status="PASS">
          <params>
            <param index="0">
              <value>
                <![CDATA[public void com.lambda.test.LambdaTest_3.FormFilling() throws java.lang.InterruptedException]]>
              </value>
            </param>
            <param index="1">
              <value>
                <![CDATA[org.testng.TestRunner@71809907]]>
              </value>
            </param>
            <param index="2">
              <value>
                <![CDATA[Internet Explorer]]>
              </value>
            </param>
            <param index="3">
              <value>
                <![CDATA[latest]]>
              </value>
            </param>
            <param index="4">
              <value>
                <![CDATA[Windows 10]]>
              </value>
            </param>
          </params>
          <reporter-output>
            <line>
              <![CDATA[<===== Start of Test Method =====>]]>
            </line>
            <line>
              <![CDATA[Setting desired Capabilities]]>
            </line>
            <line>
              <![CDATA[Connecting to hub/ Grid]]>
            </line>
          </reporter-output>
        </test-method> <!-- setup -->
        <test-method signature="FormFilling()[pri:0, instance:com.lambda.test.LambdaTest_3@35ef1869]" started-at="2022-10-04T23:32:08 IST" name="FormFilling" finished-at="2022-10-04T23:32:31 IST" duration-ms="23154" status="PASS">
          <reporter-output>
            <line>
              <![CDATA[Step 1:Open LambdaTest’s Selenium Playground from]]>
            </line>
            <line>
              <![CDATA[<-----Third Scenario Form filling started---->]]>
            </line>
            <line>
              <![CDATA[Step 2 : click on Input Form Submit link under Input Forms.]]>
            </line>
            <line>
              <![CDATA[Step 3: Click on Submit without filling in any information in the form.]]>
            </line>
            <line>
              <![CDATA[Step 4: Assert Please fill in the fields error message.]]>
            </line>
            <line>
              <![CDATA[Step 5 : Fill in Name, Email, and other fields. locators of all form fields]]>
            </line>
            <line>
              <![CDATA[Step 6: click Submit Button after fill the form]]>
            </line>
            <line>
              <![CDATA[STep 7: validate the success message on screen ---> Thanks for contacting us, will get back to you shortly.]]>
            </line>
            <line>
              <![CDATA[Lambda Test Form filling and Submission Ended]]>
            </line>
          </reporter-output>
        </test-method> <!-- FormFilling -->
        <test-method is-config="true" signature="tearDown()[pri:0, instance:com.lambda.test.LambdaTest_3@35ef1869]" started-at="2022-10-04T23:32:31 IST" name="tearDown" finished-at="2022-10-04T23:32:33 IST" duration-ms="1886" status="PASS">
          <reporter-output>
            <line>
              <![CDATA[<+======Ending the Test Method =====>]]>
            </line>
            <line>
              <![CDATA[Closing the browser session]]>
            </line>
          </reporter-output>
        </test-method> <!-- tearDown -->
      </class> <!-- com.lambda.test.LambdaTest_3 -->
    </test> <!-- Internet Explorer Browser Testing -->
    <test started-at="2022-10-04T23:27:53 IST" name="Chrome Browser  testing" finished-at="2022-10-04T23:32:46 IST" duration-ms="293131">
      <class name="com.lambda.test.LambdaTest_1">
        <test-method is-config="true" signature="setUrl(java.lang.String)[pri:0, instance:com.lambda.test.LambdaTest_1@481a996b]" started-at="2022-10-04T23:27:53 IST" name="setUrl" finished-at="2022-10-04T23:27:53 IST" duration-ms="62" status="PASS">
          <params>
            <param index="0">
              <value>
                <![CDATA[https://www.lambdatest.com/selenium-playground/]]>
              </value>
            </param>
          </params>
          <reporter-output>
            <line>
              <![CDATA[Step 1:Open LambdaTest’s Selenium Playground from]]>
            </line>
          </reporter-output>
        </test-method> <!-- setUrl -->
        <test-method is-config="true" signature="setup(java.lang.reflect.Method,org.testng.ITestContext,java.lang.String,java.lang.String,java.lang.String)[pri:0, instance:com.lambda.test.LambdaTest_1@481a996b]" started-at="2022-10-04T23:27:53 IST" name="setup" finished-at="2022-10-04T23:30:24 IST" duration-ms="151644" status="PASS">
          <params>
            <param index="0">
              <value>
                <![CDATA[public void com.lambda.test.LambdaTest_1.EnterAndValidateMessage() throws java.lang.InterruptedException]]>
              </value>
            </param>
            <param index="1">
              <value>
                <![CDATA[org.testng.TestRunner@3ce1e309]]>
              </value>
            </param>
            <param index="2">
              <value>
                <![CDATA[Chrome]]>
              </value>
            </param>
            <param index="3">
              <value>
                <![CDATA[latest]]>
              </value>
            </param>
            <param index="4">
              <value>
                <![CDATA[Windows 10]]>
              </value>
            </param>
          </params>
          <reporter-output>
            <line>
              <![CDATA[<===== Start of Test Method =====>]]>
            </line>
            <line>
              <![CDATA[Setting desired Capabilities]]>
            </line>
            <line>
              <![CDATA[Connecting to hub/ Grid]]>
            </line>
          </reporter-output>
        </test-method> <!-- setup -->
        <test-method signature="EnterAndValidateMessage()[pri:0, instance:com.lambda.test.LambdaTest_1@481a996b]" started-at="2022-10-04T23:30:24 IST" name="EnterAndValidateMessage" finished-at="2022-10-04T23:30:33 IST" duration-ms="8848" status="PASS">
          <reporter-output>
            <line>
              <![CDATA[Open LambdaTest’s Selenium Playground from]]>
            </line>
            <line>
              <![CDATA[<-----Lambda Test First Scenario Enter message and Validate it Started----->]]>
            </line>
            <line>
              <![CDATA[Click Simple Form Demo under Input Forms]]>
            </line>
            <line>
              <![CDATA[Validate that the URL contains simple-form-demo]]>
            </line>
            <line>
              <![CDATA[Create a variable for a string value]]>
            </line>
            <line>
              <![CDATA[Use this variable to enter values in the Enter Message text box.]]>
            </line>
            <line>
              <![CDATA[Click Get Checked Value]]>
            </line>
            <line>
              <![CDATA[Validate whether the same text message is displayed in the right-hand panel under the Your Message section]]>
            </line>
            <line>
              <![CDATA[<------Lambda Test First Scenario Ended----->]]>
            </line>
          </reporter-output>
        </test-method> <!-- EnterAndValidateMessage -->
        <test-method is-config="true" signature="tearDown()[pri:0, instance:com.lambda.test.LambdaTest_1@481a996b]" started-at="2022-10-04T23:30:33 IST" name="tearDown" finished-at="2022-10-04T23:30:35 IST" duration-ms="1932" status="PASS">
          <reporter-output>
            <line>
              <![CDATA[<+======Ending the Test Method =====>]]>
            </line>
            <line>
              <![CDATA[Closing the browser session]]>
            </line>
          </reporter-output>
        </test-method> <!-- tearDown -->
      </class> <!-- com.lambda.test.LambdaTest_1 -->
      <class name="com.lambda.test.LambdaTest_2">
        <test-method is-config="true" signature="setup(java.lang.reflect.Method,org.testng.ITestContext,java.lang.String,java.lang.String,java.lang.String)[pri:0, instance:com.lambda.test.LambdaTest_2@3d51f06e]" started-at="2022-10-04T23:30:35 IST" name="setup" finished-at="2022-10-04T23:31:06 IST" duration-ms="30536" status="PASS">
          <params>
            <param index="0">
              <value>
                <![CDATA[public void com.lambda.test.LambdaTest_2.HandlingSliderBar() throws java.lang.InterruptedException]]>
              </value>
            </param>
            <param index="1">
              <value>
                <![CDATA[org.testng.TestRunner@3ce1e309]]>
              </value>
            </param>
            <param index="2">
              <value>
                <![CDATA[Chrome]]>
              </value>
            </param>
            <param index="3">
              <value>
                <![CDATA[latest]]>
              </value>
            </param>
            <param index="4">
              <value>
                <![CDATA[Windows 10]]>
              </value>
            </param>
          </params>
          <reporter-output>
            <line>
              <![CDATA[<===== Start of Test Method =====>]]>
            </line>
            <line>
              <![CDATA[Setting desired Capabilities]]>
            </line>
            <line>
              <![CDATA[Connecting to hub/ Grid]]>
            </line>
          </reporter-output>
        </test-method> <!-- setup -->
        <test-method signature="HandlingSliderBar()[pri:0, instance:com.lambda.test.LambdaTest_2@3d51f06e]" started-at="2022-10-04T23:31:06 IST" name="HandlingSliderBar" finished-at="2022-10-04T23:31:54 IST" duration-ms="48246" status="PASS">
          <reporter-output>
            <line>
              <![CDATA[Open LambdaTest’s Selenium Playground from]]>
            </line>
            <line>
              <![CDATA[Step 1:Open LambdaTests Selenium Playground form]]>
            </line>
            <line>
              <![CDATA[<---Lambda Test Second Scenario Handling Slider Bar Started ---->]]>
            </line>
            <line>
              <![CDATA[Step 1: click Drag and Drop Sliders under Progress Bars and Sliders.]]>
            </line>
            <line>
              <![CDATA[Step 3: Select the slider Default value 15.]]>
            </line>
            <line>
              <![CDATA[Step 4: drag the bar to make it 95]]>
            </line>
            <line>
              <![CDATA[Step 5: validating whether the range value shows 95.]]>
            </line>
            <line>
              <![CDATA[Lambda Test Second Scenario Ended]]>
            </line>
          </reporter-output>
        </test-method> <!-- HandlingSliderBar -->
        <test-method is-config="true" signature="tearDown()[pri:0, instance:com.lambda.test.LambdaTest_2@3d51f06e]" started-at="2022-10-04T23:31:54 IST" name="tearDown" finished-at="2022-10-04T23:31:56 IST" duration-ms="1934" status="PASS">
          <reporter-output>
            <line>
              <![CDATA[<+======Ending the Test Method =====>]]>
            </line>
            <line>
              <![CDATA[Closing the browser session]]>
            </line>
          </reporter-output>
        </test-method> <!-- tearDown -->
      </class> <!-- com.lambda.test.LambdaTest_2 -->
      <class name="com.lambda.test.LambdaTest_3">
        <test-method is-config="true" signature="setup(java.lang.reflect.Method,org.testng.ITestContext,java.lang.String,java.lang.String,java.lang.String)[pri:0, instance:com.lambda.test.LambdaTest_3@7ed7259e]" started-at="2022-10-04T23:31:56 IST" name="setup" finished-at="2022-10-04T23:32:25 IST" duration-ms="28954" status="PASS">
          <params>
            <param index="0">
              <value>
                <![CDATA[public void com.lambda.test.LambdaTest_3.FormFilling() throws java.lang.InterruptedException]]>
              </value>
            </param>
            <param index="1">
              <value>
                <![CDATA[org.testng.TestRunner@3ce1e309]]>
              </value>
            </param>
            <param index="2">
              <value>
                <![CDATA[Chrome]]>
              </value>
            </param>
            <param index="3">
              <value>
                <![CDATA[latest]]>
              </value>
            </param>
            <param index="4">
              <value>
                <![CDATA[Windows 10]]>
              </value>
            </param>
          </params>
          <reporter-output>
            <line>
              <![CDATA[<===== Start of Test Method =====>]]>
            </line>
            <line>
              <![CDATA[Setting desired Capabilities]]>
            </line>
            <line>
              <![CDATA[Connecting to hub/ Grid]]>
            </line>
          </reporter-output>
        </test-method> <!-- setup -->
        <test-method signature="FormFilling()[pri:0, instance:com.lambda.test.LambdaTest_3@7ed7259e]" started-at="2022-10-04T23:32:25 IST" name="FormFilling" finished-at="2022-10-04T23:32:44 IST" duration-ms="18800" status="PASS">
          <reporter-output>
            <line>
              <![CDATA[Step 1:Open LambdaTest’s Selenium Playground from]]>
            </line>
            <line>
              <![CDATA[<-----Third Scenario Form filling started---->]]>
            </line>
            <line>
              <![CDATA[Step 2 : click on Input Form Submit link under Input Forms.]]>
            </line>
            <line>
              <![CDATA[Step 3: Click on Submit without filling in any information in the form.]]>
            </line>
            <line>
              <![CDATA[Step 4: Assert Please fill in the fields error message.]]>
            </line>
            <line>
              <![CDATA[Step 5 : Fill in Name, Email, and other fields. locators of all form fields]]>
            </line>
            <line>
              <![CDATA[Step 6: click Submit Button after fill the form]]>
            </line>
            <line>
              <![CDATA[STep 7: validate the success message on screen ---> Thanks for contacting us, will get back to you shortly.]]>
            </line>
            <line>
              <![CDATA[Lambda Test Form filling and Submission Ended]]>
            </line>
          </reporter-output>
        </test-method> <!-- FormFilling -->
        <test-method is-config="true" signature="tearDown()[pri:0, instance:com.lambda.test.LambdaTest_3@7ed7259e]" started-at="2022-10-04T23:32:44 IST" name="tearDown" finished-at="2022-10-04T23:32:46 IST" duration-ms="2089" status="PASS">
          <reporter-output>
            <line>
              <![CDATA[<+======Ending the Test Method =====>]]>
            </line>
            <line>
              <![CDATA[Closing the browser session]]>
            </line>
          </reporter-output>
        </test-method> <!-- tearDown -->
      </class> <!-- com.lambda.test.LambdaTest_3 -->
    </test> <!-- Chrome Browser  testing -->
  </suite> <!-- TestNG Parallel Test suite -->
  <suite started-at="2022-10-04T23:27:53 IST" name="Cross Browser Single Test" finished-at="2022-10-04T23:38:06 IST" duration-ms="613145">
    <groups>
    </groups>
    <test started-at="2022-10-04T23:27:53 IST" name="Chrome Browser Testing" finished-at="2022-10-04T23:33:08 IST" duration-ms="315901">
      <class name="com.lambda.test.LambdaTest_1">
        <test-method is-config="true" signature="setUrl(java.lang.String)[pri:0, instance:com.lambda.test.LambdaTest_1@47d90b9e]" started-at="2022-10-04T23:27:53 IST" name="setUrl" finished-at="2022-10-04T23:27:53 IST" duration-ms="50" status="PASS">
          <params>
            <param index="0">
              <value>
                <![CDATA[https://www.lambdatest.com/selenium-playground/]]>
              </value>
            </param>
          </params>
          <reporter-output>
            <line>
              <![CDATA[Step 1:Open LambdaTest’s Selenium Playground from]]>
            </line>
          </reporter-output>
        </test-method> <!-- setUrl -->
        <test-method is-config="true" signature="setup(java.lang.reflect.Method,org.testng.ITestContext,java.lang.String,java.lang.String,java.lang.String)[pri:0, instance:com.lambda.test.LambdaTest_1@47d90b9e]" started-at="2022-10-04T23:27:53 IST" name="setup" finished-at="2022-10-04T23:30:45 IST" duration-ms="172261" status="PASS">
          <params>
            <param index="0">
              <value>
                <![CDATA[public void com.lambda.test.LambdaTest_1.EnterAndValidateMessage() throws java.lang.InterruptedException]]>
              </value>
            </param>
            <param index="1">
              <value>
                <![CDATA[org.testng.TestRunner@6aba2b86]]>
              </value>
            </param>
            <param index="2">
              <value>
                <![CDATA[Chrome]]>
              </value>
            </param>
            <param index="3">
              <value>
                <![CDATA[latest]]>
              </value>
            </param>
            <param index="4">
              <value>
                <![CDATA[Windows 10]]>
              </value>
            </param>
          </params>
          <reporter-output>
            <line>
              <![CDATA[<===== Start of Test Method =====>]]>
            </line>
            <line>
              <![CDATA[Setting desired Capabilities]]>
            </line>
            <line>
              <![CDATA[Connecting to hub/ Grid]]>
            </line>
          </reporter-output>
        </test-method> <!-- setup -->
        <test-method signature="EnterAndValidateMessage()[pri:0, instance:com.lambda.test.LambdaTest_1@47d90b9e]" started-at="2022-10-04T23:30:45 IST" name="EnterAndValidateMessage" finished-at="2022-10-04T23:30:55 IST" duration-ms="10093" status="PASS">
          <reporter-output>
            <line>
              <![CDATA[Open LambdaTest’s Selenium Playground from]]>
            </line>
            <line>
              <![CDATA[<-----Lambda Test First Scenario Enter message and Validate it Started----->]]>
            </line>
            <line>
              <![CDATA[Click Simple Form Demo under Input Forms]]>
            </line>
            <line>
              <![CDATA[Validate that the URL contains simple-form-demo]]>
            </line>
            <line>
              <![CDATA[Create a variable for a string value]]>
            </line>
            <line>
              <![CDATA[Use this variable to enter values in the Enter Message text box.]]>
            </line>
            <line>
              <![CDATA[Click Get Checked Value]]>
            </line>
            <line>
              <![CDATA[Validate whether the same text message is displayed in the right-hand panel under the Your Message section]]>
            </line>
            <line>
              <![CDATA[<------Lambda Test First Scenario Ended----->]]>
            </line>
          </reporter-output>
        </test-method> <!-- EnterAndValidateMessage -->
[...]
            <line>
              <![CDATA[Create a variable for a string value]]>
            </line>
            <line>
              <![CDATA[Use this variable to enter values in the Enter Message text box.]]>
            </line>
            <line>
              <![CDATA[Click Get Checked Value]]>
            </line>
            <line>
              <![CDATA[Validate whether the same text message is displayed in the right-hand panel under the Your Message section]]>
            </line>
            <line>
              <![CDATA[<------Lambda Test First Scenario Ended----->]]>
            </line>
          </reporter-output>
        </test-method> <!-- EnterAndValidateMessage -->
        <test-method is-config="true" signature="tearDown()[pri:0, instance:com.lambda.test.LambdaTest_1@31d7b7bf]" started-at="2022-10-04T23:35:13 IST" name="tearDown" finished-at="2022-10-04T23:35:16 IST" duration-ms="2382" status="PASS">
          <reporter-output>
            <line>
              <![CDATA[<+======Ending the Test Method =====>]]>
            </line>
            <line>
              <![CDATA[Closing the browser session]]>
            </line>
          </reporter-output>
        </test-method> <!-- tearDown -->
      </class> <!-- com.lambda.test.LambdaTest_1 -->
      <class name="com.lambda.test.LambdaTest_2">
        <test-method is-config="true" signature="setup(java.lang.reflect.Method,org.testng.ITestContext,java.lang.String,java.lang.String,java.lang.String)[pri:0, instance:com.lambda.test.LambdaTest_2@76508ed1]" started-at="2022-10-04T23:35:16 IST" name="setup" finished-at="2022-10-04T23:35:22 IST" duration-ms="6737" status="PASS">
          <params>
            <param index="0">
              <value>
                <![CDATA[public void com.lambda.test.LambdaTest_2.HandlingSliderBar() throws java.lang.InterruptedException]]>
              </value>
            </param>
            <param index="1">
              <value>
                <![CDATA[org.testng.TestRunner@661972b0]]>
              </value>
            </param>
            <param index="2">
              <value>
                <![CDATA[Firefox]]>
              </value>
            </param>
            <param index="3">
              <value>
                <![CDATA[82.0]]>
              </value>
            </param>
            <param index="4">
              <value>
                <![CDATA[macOS Sierra]]>
              </value>
            </param>
          </params>
          <reporter-output>
            <line>
              <![CDATA[<===== Start of Test Method =====>]]>
            </line>
            <line>
              <![CDATA[Setting desired Capabilities]]>
            </line>
            <line>
              <![CDATA[Connecting to hub/ Grid]]>
            </line>
          </reporter-output>
        </test-method> <!-- setup -->
        <test-method signature="HandlingSliderBar()[pri:0, instance:com.lambda.test.LambdaTest_2@76508ed1]" started-at="2022-10-04T23:35:22 IST" name="HandlingSliderBar" finished-at="2022-10-04T23:36:00 IST" duration-ms="37768" status="PASS">
          <reporter-output>
            <line>
              <![CDATA[Open LambdaTest’s Selenium Playground from]]>
            </line>
            <line>
              <![CDATA[Step 1:Open LambdaTests Selenium Playground form]]>
            </line>
            <line>
              <![CDATA[<---Lambda Test Second Scenario Handling Slider Bar Started ---->]]>
            </line>
            <line>
              <![CDATA[Step 1: click Drag and Drop Sliders under Progress Bars and Sliders.]]>
            </line>
            <line>
              <![CDATA[Step 3: Select the slider Default value 15.]]>
            </line>
            <line>
              <![CDATA[Step 4: drag the bar to make it 95]]>
            </line>
            <line>
              <![CDATA[Step 5: validating whether the range value shows 95.]]>
            </line>
            <line>
              <![CDATA[Lambda Test Second Scenario Ended]]>
            </line>
          </reporter-output>
        </test-method> <!-- HandlingSliderBar -->
        <test-method is-config="true" signature="tearDown()[pri:0, instance:com.lambda.test.LambdaTest_2@76508ed1]" started-at="2022-10-04T23:36:00 IST" name="tearDown" finished-at="2022-10-04T23:36:03 IST" duration-ms="2375" status="PASS">
          <reporter-output>
            <line>
              <![CDATA[<+======Ending the Test Method =====>]]>
            </line>
            <line>
              <![CDATA[Closing the browser session]]>
            </line>
          </reporter-output>
        </test-method> <!-- tearDown -->
      </class> <!-- com.lambda.test.LambdaTest_2 -->
      <class name="com.lambda.test.LambdaTest_3">
        <test-method is-config="true" signature="setup(java.lang.reflect.Method,org.testng.ITestContext,java.lang.String,java.lang.String,java.lang.String)[pri:0, instance:com.lambda.test.LambdaTest_3@41e36e46]" started-at="2022-10-04T23:36:03 IST" name="setup" finished-at="2022-10-04T23:36:09 IST" duration-ms="6728" status="PASS">
          <params>
            <param index="0">
              <value>
                <![CDATA[public void com.lambda.test.LambdaTest_3.FormFilling() throws java.lang.InterruptedException]]>
              </value>
            </param>
            <param index="1">
              <value>
                <![CDATA[org.testng.TestRunner@661972b0]]>
              </value>
            </param>
            <param index="2">
              <value>
                <![CDATA[Firefox]]>
              </value>
            </param>
            <param index="3">
              <value>
                <![CDATA[82.0]]>
              </value>
            </param>
            <param index="4">
              <value>
                <![CDATA[macOS Sierra]]>
              </value>
            </param>
          </params>
          <reporter-output>
            <line>
              <![CDATA[<===== Start of Test Method =====>]]>
            </line>
            <line>
              <![CDATA[Setting desired Capabilities]]>
            </line>
            <line>
              <![CDATA[Connecting to hub/ Grid]]>
            </line>
          </reporter-output>
        </test-method> <!-- setup -->
        <test-method signature="FormFilling()[pri:0, instance:com.lambda.test.LambdaTest_3@41e36e46]" started-at="2022-10-04T23:36:09 IST" name="FormFilling" finished-at="2022-10-04T23:36:25 IST" duration-ms="15995" status="PASS">
          <reporter-output>
            <line>
              <![CDATA[Step 1:Open LambdaTest’s Selenium Playground from]]>
            </line>
            <line>
              <![CDATA[<-----Third Scenario Form filling started---->]]>
            </line>
            <line>
              <![CDATA[Step 2 : click on Input Form Submit link under Input Forms.]]>
            </line>
            <line>
              <![CDATA[Step 3: Click on Submit without filling in any information in the form.]]>
            </line>
            <line>
              <![CDATA[Step 4: Assert Please fill in the fields error message.]]>
            </line>
            <line>
              <![CDATA[Step 5 : Fill in Name, Email, and other fields. locators of all form fields]]>
            </line>
            <line>
              <![CDATA[Step 6: click Submit Button after fill the form]]>
            </line>
            <line>
              <![CDATA[STep 7: validate the success message on screen ---> Thanks for contacting us, will get back to you shortly.]]>
            </line>
            <line>
              <![CDATA[Lambda Test Form filling and Submission Ended]]>
            </line>
          </reporter-output>
        </test-method> <!-- FormFilling -->
        <test-method is-config="true" signature="tearDown()[pri:0, instance:com.lambda.test.LambdaTest_3@41e36e46]" started-at="2022-10-04T23:36:25 IST" name="tearDown" finished-at="2022-10-04T23:36:28 IST" duration-ms="2393" status="PASS">
          <reporter-output>
            <line>
              <![CDATA[<+======Ending the Test Method =====>]]>
            </line>
            <line>
              <![CDATA[Closing the browser session]]>
            </line>
          </reporter-output>
        </test-method> <!-- tearDown -->
      </class> <!-- com.lambda.test.LambdaTest_3 -->
    </test> <!-- Firefox Browser Testing -->
    <test started-at="2022-10-04T23:36:28 IST" name="Safari Browser Testing" finished-at="2022-10-04T23:38:06 IST" duration-ms="98009">
      <class name="com.lambda.test.LambdaTest_1">
        <test-method is-config="true" signature="setUrl(java.lang.String)[pri:0, instance:com.lambda.test.LambdaTest_1@15eb5ee5]" started-at="2022-10-04T23:36:28 IST" name="setUrl" finished-at="2022-10-04T23:36:28 IST" duration-ms="1" status="PASS">
          <params>
            <param index="0">
              <value>
                <![CDATA[https://www.lambdatest.com/selenium-playground/]]>
              </value>
            </param>
          </params>
          <reporter-output>
            <line>
              <![CDATA[Step 1:Open LambdaTest’s Selenium Playground from]]>
            </line>
          </reporter-output>
        </test-method> <!-- setUrl -->
        <test-method is-config="true" signature="setup(java.lang.reflect.Method,org.testng.ITestContext,java.lang.String,java.lang.String,java.lang.String)[pri:0, instance:com.lambda.test.LambdaTest_1@15eb5ee5]" started-at="2022-10-04T23:36:28 IST" name="setup" finished-at="2022-10-04T23:36:33 IST" duration-ms="5311" status="PASS">
          <params>
            <param index="0">
              <value>
                <![CDATA[public void com.lambda.test.LambdaTest_1.EnterAndValidateMessage() throws java.lang.InterruptedException]]>
              </value>
            </param>
            <param index="1">
              <value>
                <![CDATA[org.testng.TestRunner@5af3afd9]]>
              </value>
            </param>
            <param index="2">
              <value>
                <![CDATA[Safari]]>
              </value>
            </param>
            <param index="3">
              <value>
                <![CDATA[13.0]]>
              </value>
            </param>
            <param index="4">
              <value>
                <![CDATA[MacOS Catalina]]>
              </value>
            </param>
          </params>
          <reporter-output>
            <line>
              <![CDATA[<===== Start of Test Method =====>]]>
            </line>
            <line>
              <![CDATA[Setting desired Capabilities]]>
            </line>
            <line>
              <![CDATA[Connecting to hub/ Grid]]>
            </line>
          </reporter-output>
        </test-method> <!-- setup -->
        <test-method signature="EnterAndValidateMessage()[pri:0, instance:com.lambda.test.LambdaTest_1@15eb5ee5]" started-at="2022-10-04T23:36:33 IST" name="EnterAndValidateMessage" finished-at="2022-10-04T23:36:42 IST" duration-ms="8566" status="PASS">
          <reporter-output>
            <line>
              <![CDATA[Open LambdaTest’s Selenium Playground from]]>
            </line>
            <line>
              <![CDATA[<-----Lambda Test First Scenario Enter message and Validate it Started----->]]>
            </line>
            <line>
              <![CDATA[Click Simple Form Demo under Input Forms]]>
            </line>
            <line>
              <![CDATA[Validate that the URL contains simple-form-demo]]>
            </line>
            <line>
              <![CDATA[Create a variable for a string value]]>
            </line>
            <line>
              <![CDATA[Use this variable to enter values in the Enter Message text box.]]>
            </line>
            <line>
              <![CDATA[Click Get Checked Value]]>
            </line>
            <line>
              <![CDATA[Validate whether the same text message is displayed in the right-hand panel under the Your Message section]]>
            </line>
            <line>
              <![CDATA[<------Lambda Test First Scenario Ended----->]]>
            </line>
          </reporter-output>
        </test-method> <!-- EnterAndValidateMessage -->
        <test-method is-config="true" signature="tearDown()[pri:0, instance:com.lambda.test.LambdaTest_1@15eb5ee5]" started-at="2022-10-04T23:36:42 IST" name="tearDown" finished-at="2022-10-04T23:36:43 IST" duration-ms="1844" status="PASS">
          <reporter-output>
            <line>
              <![CDATA[<+======Ending the Test Method =====>]]>
            </line>
            <line>
              <![CDATA[Closing the browser session]]>
            </line>
          </reporter-output>
        </test-method> <!-- tearDown -->
      </class> <!-- com.lambda.test.LambdaTest_1 -->
      <class name="com.lambda.test.LambdaTest_2">
        <test-method is-config="true" signature="setup(java.lang.reflect.Method,org.testng.ITestContext,java.lang.String,java.lang.String,java.lang.String)[pri:0, instance:com.lambda.test.LambdaTest_2@2145b572]" started-at="2022-10-04T23:36:43 IST" name="setup" finished-at="2022-10-04T23:36:49 IST" duration-ms="5577" status="PASS">
          <params>
            <param index="0">
              <value>
                <![CDATA[public void com.lambda.test.LambdaTest_2.HandlingSliderBar() throws java.lang.InterruptedException]]>
              </value>
            </param>
            <param index="1">
              <value>
                <![CDATA[org.testng.TestRunner@5af3afd9]]>
              </value>
            </param>
            <param index="2">
              <value>
                <![CDATA[Safari]]>
              </value>
            </param>
            <param index="3">
              <value>
                <![CDATA[13.0]]>
              </value>
            </param>
            <param index="4">
              <value>
                <![CDATA[MacOS Catalina]]>
              </value>
            </param>
          </params>
          <reporter-output>
            <line>
              <![CDATA[<===== Start of Test Method =====>]]>
            </line>
            <line>
              <![CDATA[Setting desired Capabilities]]>
            </line>
            <line>
              <![CDATA[Connecting to hub/ Grid]]>
            </line>
          </reporter-output>
        </test-method> <!-- setup -->
        <test-method signature="HandlingSliderBar()[pri:0, instance:com.lambda.test.LambdaTest_2@2145b572]" started-at="2022-10-04T23:36:49 IST" name="HandlingSliderBar" finished-at="2022-10-04T23:37:32 IST" duration-ms="43209" status="PASS">
          <reporter-output>
            <line>
              <![CDATA[Open LambdaTest’s Selenium Playground from]]>
            </line>
            <line>
              <![CDATA[Step 1:Open LambdaTests Selenium Playground form]]>
            </line>
            <line>
              <![CDATA[<---Lambda Test Second Scenario Handling Slider Bar Started ---->]]>
            </line>
            <line>
              <![CDATA[Step 1: click Drag and Drop Sliders under Progress Bars and Sliders.]]>
            </line>
            <line>
              <![CDATA[Step 3: Select the slider Default value 15.]]>
            </line>
            <line>
              <![CDATA[Step 4: drag the bar to make it 95]]>
            </line>
            <line>
              <![CDATA[Step 5: validating whether the range value shows 95.]]>
            </line>
            <line>
              <![CDATA[Lambda Test Second Scenario Ended]]>
            </line>
          </reporter-output>
        </test-method> <!-- HandlingSliderBar -->
        <test-method is-config="true" signature="tearDown()[pri:0, instance:com.lambda.test.LambdaTest_2@2145b572]" started-at="2022-10-04T23:37:32 IST" name="tearDown" finished-at="2022-10-04T23:37:34 IST" duration-ms="2130" status="PASS">
          <reporter-output>
            <line>
              <![CDATA[<+======Ending the Test Method =====>]]>
            </line>
            <line>
              <![CDATA[Closing the browser session]]>
            </line>
          </reporter-output>
        </test-method> <!-- tearDown -->
      </class> <!-- com.lambda.test.LambdaTest_2 -->
      <class name="com.lambda.test.LambdaTest_3">
        <test-method is-config="true" signature="setup(java.lang.reflect.Method,org.testng.ITestContext,java.lang.String,java.lang.String,java.lang.String)[pri:0, instance:com.lambda.test.LambdaTest_3@39529185]" started-at="2022-10-04T23:37:34 IST" name="setup" finished-at="2022-10-04T23:37:44 IST" duration-ms="9617" status="PASS">
          <params>
            <param index="0">
              <value>
                <![CDATA[public void com.lambda.test.LambdaTest_3.FormFilling() throws java.lang.InterruptedException]]>
              </value>
            </param>
            <param index="1">
              <value>
                <![CDATA[org.testng.TestRunner@5af3afd9]]>
              </value>
            </param>
            <param index="2">
              <value>
                <![CDATA[Safari]]>
              </value>
            </param>
            <param index="3">
              <value>
                <![CDATA[13.0]]>
              </value>
            </param>
            <param index="4">
              <value>
                <![CDATA[MacOS Catalina]]>
              </value>
            </param>
          </params>
          <reporter-output>
            <line>
              <![CDATA[<===== Start of Test Method =====>]]>
            </line>
            <line>
              <![CDATA[Setting desired Capabilities]]>
            </line>
            <line>
              <![CDATA[Connecting to hub/ Grid]]>
            </line>
          </reporter-output>
        </test-method> <!-- setup -->
        <test-method signature="FormFilling()[pri:0, instance:com.lambda.test.LambdaTest_3@39529185]" started-at="2022-10-04T23:37:44 IST" name="FormFilling" finished-at="2022-10-04T23:38:04 IST" duration-ms="19593" status="PASS">
          <reporter-output>
            <line>
              <![CDATA[Step 1:Open LambdaTest’s Selenium Playground from]]>
            </line>
            <line>
              <![CDATA[<-----Third Scenario Form filling started---->]]>
            </line>
            <line>
              <![CDATA[Step 2 : click on Input Form Submit link under Input Forms.]]>
            </line>
            <line>
              <![CDATA[Step 3: Click on Submit without filling in any information in the form.]]>
            </line>
            <line>
              <![CDATA[Step 4: Assert Please fill in the fields error message.]]>
            </line>
            <line>
              <![CDATA[Step 5 : Fill in Name, Email, and other fields. locators of all form fields]]>
            </line>
            <line>
              <![CDATA[Step 6: click Submit Button after fill the form]]>
            </line>
            <line>
              <![CDATA[STep 7: validate the success message on screen ---> Thanks for contacting us, will get back to you shortly.]]>
            </line>
            <line>
              <![CDATA[Lambda Test Form filling and Submission Ended]]>
            </line>
          </reporter-output>
        </test-method> <!-- FormFilling -->
        <test-method is-config="true" signature="tearDown()[pri:0, instance:com.lambda.test.LambdaTest_3@39529185]" started-at="2022-10-04T23:38:04 IST" name="tearDown" finished-at="2022-10-04T23:38:06 IST" duration-ms="2155" status="PASS">
          <reporter-output>
            <line>
              <![CDATA[<+======Ending the Test Method =====>]]>
            </line>
            <line>
              <![CDATA[Closing the browser session]]>
            </line>
          </reporter-output>
        </test-method> <!-- tearDown -->
      </class> <!-- com.lambda.test.LambdaTest_3 -->
    </test> <!-- Safari Browser Testing -->
  </suite> <!-- Cross Browser Single Test -->
</testng-results>
