<?xml version="1.0" encoding="UTF-8"?>
<!-- Generated by org.testng.reporters.JUnitXMLReporter -->
<testsuite ignored="2" hostname="DESKTOP-FI8UJG3" failures="0" tests="3" name="Safari Browser Testing" time="97.415" errors="0" timestamp="2022-10-04T19:21:01 IST">
  <testcase classname="com.lambda.test.LambdaTest_1" name="EnterAndValidateMessage" time="11.049"/>
  <testcase classname="com.lambda.test.LambdaTest_2" name="HandlingSliderBar" time="47.986"/>
  <testcase classname="com.lambda.test.LambdaTest_3" name="FormFilling" time="16.388"/>
  <testcase classname="com.lambdat.test.base.BaseTest" name="@BeforeTest setUrl" time="0.0">
    <ignored/>
  </testcase> <!-- @BeforeTest setUrl -->
  <testcase classname="com.lambdat.test.base.BaseTest" name="@BeforeTest setUrl" time="0.0">
    <ignored/>
  </testcase> <!-- @BeforeTest setUrl -->
</testsuite> <!-- Safari Browser Testing -->
